{"/home/hamzah/401-whiteboard-backend-2/server.js": {"path":"/home/hamzah/401-whiteboard-backend-2/server.js","statementMap":{"0":{"start":{"line":3,"column":16},"end":{"line":3,"column":34}},"1":{"start":{"line":4,"column":13},"end":{"line":4,"column":28}},"2":{"start":{"line":5,"column":12},"end":{"line":5,"column":21}},"3":{"start":{"line":6,"column":0},"end":{"line":6,"column":16}},"4":{"start":{"line":7,"column":0},"end":{"line":7,"column":24}},"5":{"start":{"line":8,"column":13},"end":{"line":8,"column":44}},"6":{"start":{"line":9,"column":19},"end":{"line":9,"column":50}},"7":{"start":{"line":10,"column":20},"end":{"line":10,"column":53}},"8":{"start":{"line":11,"column":17},"end":{"line":11,"column":47}},"9":{"start":{"line":14,"column":0},"end":{"line":14,"column":20}},"10":{"start":{"line":15,"column":0},"end":{"line":15,"column":23}},"11":{"start":{"line":16,"column":0},"end":{"line":16,"column":20}},"12":{"start":{"line":17,"column":0},"end":{"line":22,"column":3}},"13":{"start":{"line":18,"column":2},"end":{"line":21,"column":4}},"14":{"start":{"line":23,"column":0},"end":{"line":26,"column":3}},"15":{"start":{"line":25,"column":2},"end":{"line":25,"column":34}},"16":{"start":{"line":28,"column":2},"end":{"line":28,"column":71}},"17":{"start":{"line":28,"column":25},"end":{"line":28,"column":69}},"18":{"start":{"line":31,"column":0},"end":{"line":34,"column":2}}},"fnMap":{"0":{"name":"(anonymous_0)","decl":{"start":{"line":17,"column":13},"end":{"line":17,"column":14}},"loc":{"start":{"line":17,"column":27},"end":{"line":22,"column":1}},"line":17},"1":{"name":"(anonymous_1)","decl":{"start":{"line":23,"column":13},"end":{"line":23,"column":14}},"loc":{"start":{"line":23,"column":27},"end":{"line":26,"column":1}},"line":23},"2":{"name":"start","decl":{"start":{"line":27,"column":9},"end":{"line":27,"column":14}},"loc":{"start":{"line":27,"column":21},"end":{"line":29,"column":1}},"line":27},"3":{"name":"(anonymous_3)","decl":{"start":{"line":28,"column":19},"end":{"line":28,"column":20}},"loc":{"start":{"line":28,"column":25},"end":{"line":28,"column":69}},"line":28}},"branchMap":{},"s":{"0":2,"1":2,"2":2,"3":2,"4":2,"5":2,"6":2,"7":2,"8":2,"9":2,"10":2,"11":2,"12":2,"13":1,"14":2,"15":2,"16":0,"17":0,"18":2},"f":{"0":1,"1":2,"2":0,"3":0},"b":{},"_coverageSchema":"1a1c01bbd47fc00a2c39e90264f33305004495a9","hash":"e2dc985922c6addc7df2f319983a2a42970868e2"}
,"/home/hamzah/401-whiteboard-backend-2/collections/user-comment-routes.js": {"path":"/home/hamzah/401-whiteboard-backend-2/collections/user-comment-routes.js","statementMap":{"0":{"start":{"line":6,"column":8},"end":{"line":6,"column":25}},"1":{"start":{"line":63,"column":0},"end":{"line":63,"column":27}}},"fnMap":{"0":{"name":"(anonymous_0)","decl":{"start":{"line":5,"column":4},"end":{"line":5,"column":5}},"loc":{"start":{"line":5,"column":22},"end":{"line":7,"column":5}},"line":5}},"branchMap":{},"s":{"0":4,"1":2},"f":{"0":4},"b":{},"_coverageSchema":"1a1c01bbd47fc00a2c39e90264f33305004495a9","hash":"51ad41e9c00e6dfbdcd56876428376e23b4a5cdb"}
,"/home/hamzah/401-whiteboard-backend-2/error-handlers/400.js": {"path":"/home/hamzah/401-whiteboard-backend-2/error-handlers/400.js","statementMap":{"0":{"start":{"line":3,"column":0},"end":{"line":10,"column":1}},"1":{"start":{"line":4,"column":2},"end":{"line":9,"column":3}},"2":{"start":{"line":5,"column":4},"end":{"line":8,"column":7}}},"fnMap":{"0":{"name":"(anonymous_0)","decl":{"start":{"line":3,"column":17},"end":{"line":3,"column":18}},"loc":{"start":{"line":3,"column":41},"end":{"line":10,"column":1}},"line":3}},"branchMap":{"0":{"loc":{"start":{"line":4,"column":2},"end":{"line":9,"column":3}},"type":"if","locations":[{"start":{"line":4,"column":2},"end":{"line":9,"column":3}},{"start":{},"end":{}}],"line":4}},"s":{"0":2,"1":2,"2":2},"f":{"0":2},"b":{"0":[2,0]},"_coverageSchema":"1a1c01bbd47fc00a2c39e90264f33305004495a9","hash":"ec9f4393534e98048bcfb004c3265591bf2b8c33"}
,"/home/hamzah/401-whiteboard-backend-2/error-handlers/500.js": {"path":"/home/hamzah/401-whiteboard-backend-2/error-handlers/500.js","statementMap":{"0":{"start":{"line":3,"column":17},"end":{"line":3,"column":44}},"1":{"start":{"line":5,"column":0},"end":{"line":15,"column":2}},"2":{"start":{"line":6,"column":15},"end":{"line":6,"column":25}},"3":{"start":{"line":8,"column":20},"end":{"line":8,"column":39}},"4":{"start":{"line":9,"column":2},"end":{"line":14,"column":14}},"5":{"start":{"line":10,"column":4},"end":{"line":13,"column":7}},"6":{"start":{"line":14,"column":7},"end":{"line":14,"column":14}}},"fnMap":{"0":{"name":"(anonymous_0)","decl":{"start":{"line":5,"column":17},"end":{"line":5,"column":18}},"loc":{"start":{"line":5,"column":43},"end":{"line":15,"column":1}},"line":5}},"branchMap":{"0":{"loc":{"start":{"line":9,"column":2},"end":{"line":14,"column":14}},"type":"if","locations":[{"start":{"line":9,"column":2},"end":{"line":14,"column":14}},{"start":{"line":14,"column":7},"end":{"line":14,"column":14}}],"line":9}},"s":{"0":2,"1":2,"2":1,"3":1,"4":1,"5":1,"6":0},"f":{"0":1},"b":{"0":[1,0]},"_coverageSchema":"1a1c01bbd47fc00a2c39e90264f33305004495a9","hash":"91a35c34dead181a43df109004909f32ec8c5e3c"}
,"/home/hamzah/401-whiteboard-backend-2/middlewares/acl.js": {"path":"/home/hamzah/401-whiteboard-backend-2/middlewares/acl.js","statementMap":{"0":{"start":{"line":61,"column":0},"end":{"line":66,"column":1}}},"fnMap":{},"branchMap":{},"s":{"0":2},"f":{},"b":{},"_coverageSchema":"1a1c01bbd47fc00a2c39e90264f33305004495a9","hash":"42b7e9fda5a51c94d22b011aadb5d17dc41b1f8e"}
,"/home/hamzah/401-whiteboard-backend-2/middlewares/bearerAuth.js": {"path":"/home/hamzah/401-whiteboard-backend-2/middlewares/bearerAuth.js","statementMap":{"0":{"start":{"line":3,"column":22},"end":{"line":3,"column":49}}},"fnMap":{},"branchMap":{},"s":{"0":2},"f":{},"b":{},"_coverageSchema":"1a1c01bbd47fc00a2c39e90264f33305004495a9","hash":"c8ce383170eee6ddf6b7e4a17dda4460d91dc3d2"}
,"/home/hamzah/401-whiteboard-backend-2/middlewares/userAuth.js": {"path":"/home/hamzah/401-whiteboard-backend-2/middlewares/userAuth.js","statementMap":{"0":{"start":{"line":4,"column":18},"end":{"line":4,"column":45}},"1":{"start":{"line":28,"column":0},"end":{"line":30,"column":1}}},"fnMap":{},"branchMap":{},"s":{"0":2,"1":2},"f":{},"b":{},"_coverageSchema":"1a1c01bbd47fc00a2c39e90264f33305004495a9","hash":"27c01226904fdff3cb993c465d8beee388208c2c"}
,"/home/hamzah/401-whiteboard-backend-2/modules/comment.model.js": {"path":"/home/hamzah/401-whiteboard-backend-2/modules/comment.model.js","statementMap":{"0":{"start":{"line":3,"column":14},"end":{"line":27,"column":2}},"1":{"start":{"line":3,"column":38},"end":{"line":27,"column":2}},"2":{"start":{"line":30,"column":0},"end":{"line":30,"column":23}}},"fnMap":{"0":{"name":"(anonymous_0)","decl":{"start":{"line":3,"column":14},"end":{"line":3,"column":15}},"loc":{"start":{"line":3,"column":38},"end":{"line":27,"column":2}},"line":3}},"branchMap":{},"s":{"0":2,"1":2,"2":2},"f":{"0":2},"b":{},"_coverageSchema":"1a1c01bbd47fc00a2c39e90264f33305004495a9","hash":"9e57477f545454c3f3893f0f1f964a3f88d3d9af"}
,"/home/hamzah/401-whiteboard-backend-2/modules/index.js": {"path":"/home/hamzah/401-whiteboard-backend-2/modules/index.js","statementMap":{"0":{"start":{"line":4,"column":33},"end":{"line":4,"column":53}},"1":{"start":{"line":6,"column":13},"end":{"line":6,"column":36}},"2":{"start":{"line":7,"column":14},"end":{"line":7,"column":40}},"3":{"start":{"line":8,"column":12},"end":{"line":8,"column":35}},"4":{"start":{"line":9,"column":18},"end":{"line":9,"column":63}},"5":{"start":{"line":15,"column":0},"end":{"line":15,"column":27}},"6":{"start":{"line":17,"column":21},"end":{"line":17,"column":45}},"7":{"start":{"line":19,"column":24},"end":{"line":26,"column":1}},"8":{"start":{"line":30,"column":16},"end":{"line":30,"column":60}},"9":{"start":{"line":31,"column":16},"end":{"line":31,"column":42}},"10":{"start":{"line":32,"column":19},"end":{"line":32,"column":48}},"11":{"start":{"line":33,"column":16},"end":{"line":33,"column":42}},"12":{"start":{"line":36,"column":0},"end":{"line":40,"column":3}},"13":{"start":{"line":37,"column":2},"end":{"line":37,"column":48}},"14":{"start":{"line":39,"column":2},"end":{"line":39,"column":18}},"15":{"start":{"line":43,"column":0},"end":{"line":43,"column":68}},"16":{"start":{"line":44,"column":0},"end":{"line":44,"column":69}},"17":{"start":{"line":47,"column":0},"end":{"line":47,"column":70}},"18":{"start":{"line":48,"column":0},"end":{"line":48,"column":72}},"19":{"start":{"line":50,"column":0},"end":{"line":50,"column":70}},"20":{"start":{"line":51,"column":0},"end":{"line":51,"column":72}},"21":{"start":{"line":55,"column":21},"end":{"line":55,"column":47}},"22":{"start":{"line":56,"column":24},"end":{"line":56,"column":53}},"23":{"start":{"line":58,"column":0},"end":{"line":65,"column":1}}},"fnMap":{"0":{"name":"(anonymous_0)","decl":{"start":{"line":36,"column":30},"end":{"line":36,"column":31}},"loc":{"start":{"line":36,"column":36},"end":{"line":38,"column":1}},"line":36},"1":{"name":"(anonymous_1)","decl":{"start":{"line":38,"column":9},"end":{"line":38,"column":10}},"loc":{"start":{"line":38,"column":18},"end":{"line":40,"column":1}},"line":38}},"branchMap":{},"s":{"0":2,"1":2,"2":2,"3":2,"4":2,"5":2,"6":2,"7":2,"8":2,"9":2,"10":2,"11":2,"12":2,"13":2,"14":0,"15":2,"16":2,"17":2,"18":2,"19":2,"20":2,"21":2,"22":2,"23":2},"f":{"0":2,"1":0},"b":{},"_coverageSchema":"1a1c01bbd47fc00a2c39e90264f33305004495a9","hash":"d2d66d5ed2dd889db6dae656d87b7d63453d344d"}
,"/home/hamzah/401-whiteboard-backend-2/modules/post.model.js": {"path":"/home/hamzah/401-whiteboard-backend-2/modules/post.model.js","statementMap":{"0":{"start":{"line":4,"column":13},"end":{"line":17,"column":2}},"1":{"start":{"line":4,"column":39},"end":{"line":17,"column":2}},"2":{"start":{"line":20,"column":0},"end":{"line":20,"column":22}}},"fnMap":{"0":{"name":"(anonymous_0)","decl":{"start":{"line":4,"column":13},"end":{"line":4,"column":14}},"loc":{"start":{"line":4,"column":39},"end":{"line":17,"column":2}},"line":4}},"branchMap":{},"s":{"0":2,"1":2,"2":2},"f":{"0":2},"b":{},"_coverageSchema":"1a1c01bbd47fc00a2c39e90264f33305004495a9","hash":"53f15e46b657d94c747b61d4fd7152ed119ef59e"}
,"/home/hamzah/401-whiteboard-backend-2/modules/user.model.js": {"path":"/home/hamzah/401-whiteboard-backend-2/modules/user.model.js","statementMap":{"0":{"start":{"line":2,"column":11},"end":{"line":2,"column":34}}},"fnMap":{},"branchMap":{},"s":{"0":2},"f":{},"b":{},"_coverageSchema":"1a1c01bbd47fc00a2c39e90264f33305004495a9","hash":"8da2c69e0dc475b05132128a43bdf88e9eadc324"}
,"/home/hamzah/401-whiteboard-backend-2/routes/comment.route.js": {"path":"/home/hamzah/401-whiteboard-backend-2/routes/comment.route.js","statementMap":{"0":{"start":{"line":6,"column":16},"end":{"line":6,"column":34}},"1":{"start":{"line":7,"column":14},"end":{"line":7,"column":30}},"2":{"start":{"line":9,"column":41},"end":{"line":9,"column":68}},"3":{"start":{"line":12,"column":0},"end":{"line":12,"column":38}},"4":{"start":{"line":13,"column":0},"end":{"line":13,"column":36}},"5":{"start":{"line":14,"column":0},"end":{"line":14,"column":41}},"6":{"start":{"line":15,"column":0},"end":{"line":15,"column":45}},"7":{"start":{"line":16,"column":0},"end":{"line":16,"column":36}},"8":{"start":{"line":17,"column":0},"end":{"line":17,"column":59}},"9":{"start":{"line":30,"column":4},"end":{"line":36,"column":1}},"10":{"start":{"line":31,"column":22},"end":{"line":31,"column":71}},"11":{"start":{"line":32,"column":4},"end":{"line":32,"column":33}},"12":{"start":{"line":35,"column":4},"end":{"line":35,"column":41}},"13":{"start":{"line":40,"column":19},"end":{"line":42,"column":6}},"14":{"start":{"line":43,"column":4},"end":{"line":43,"column":35}},"15":{"start":{"line":47,"column":21},"end":{"line":47,"column":29}},"16":{"start":{"line":48,"column":18},"end":{"line":48,"column":50}},"17":{"start":{"line":49,"column":4},"end":{"line":49,"column":34}},"18":{"start":{"line":52,"column":13},"end":{"line":52,"column":26}},"19":{"start":{"line":53,"column":18},"end":{"line":53,"column":26}},"20":{"start":{"line":54,"column":17},"end":{"line":54,"column":49}},"21":{"start":{"line":55,"column":4},"end":{"line":55,"column":33}},"22":{"start":{"line":58,"column":13},"end":{"line":58,"column":26}},"23":{"start":{"line":59,"column":17},"end":{"line":59,"column":41}},"24":{"start":{"line":60,"column":4},"end":{"line":62,"column":7}},"25":{"start":{"line":71,"column":0},"end":{"line":71,"column":22}}},"fnMap":{"0":{"name":"getUSer","decl":{"start":{"line":29,"column":15},"end":{"line":29,"column":22}},"loc":{"start":{"line":29,"column":31},"end":{"line":37,"column":1}},"line":29},"1":{"name":"getAllcomment","decl":{"start":{"line":39,"column":15},"end":{"line":39,"column":28}},"loc":{"start":{"line":39,"column":37},"end":{"line":44,"column":1}},"line":39},"2":{"name":"postComment","decl":{"start":{"line":46,"column":15},"end":{"line":46,"column":26}},"loc":{"start":{"line":46,"column":35},"end":{"line":50,"column":1}},"line":46},"3":{"name":"updateComment","decl":{"start":{"line":51,"column":15},"end":{"line":51,"column":28}},"loc":{"start":{"line":51,"column":37},"end":{"line":56,"column":1}},"line":51},"4":{"name":"deleteComment","decl":{"start":{"line":57,"column":15},"end":{"line":57,"column":28}},"loc":{"start":{"line":57,"column":37},"end":{"line":63,"column":1}},"line":57}},"branchMap":{},"s":{"0":2,"1":2,"2":2,"3":2,"4":2,"5":2,"6":2,"7":2,"8":2,"9":0,"10":0,"11":0,"12":0,"13":1,"14":1,"15":1,"16":1,"17":1,"18":1,"19":1,"20":1,"21":1,"22":1,"23":1,"24":1,"25":2},"f":{"0":0,"1":1,"2":1,"3":1,"4":1},"b":{},"_coverageSchema":"1a1c01bbd47fc00a2c39e90264f33305004495a9","hash":"0d29bcd67c918907a09af975da760a4f81f1d433"}
,"/home/hamzah/401-whiteboard-backend-2/routes/post.routes.js": {"path":"/home/hamzah/401-whiteboard-backend-2/routes/post.routes.js","statementMap":{"0":{"start":{"line":3,"column":16},"end":{"line":3,"column":34}},"1":{"start":{"line":4,"column":15},"end":{"line":4,"column":31}},"2":{"start":{"line":5,"column":14},"end":{"line":5,"column":46}},"3":{"start":{"line":6,"column":15},"end":{"line":6,"column":51}},"4":{"start":{"line":10,"column":21},"end":{"line":10,"column":50}},"5":{"start":{"line":19,"column":4},"end":{"line":19,"column":27}},"6":{"start":{"line":26,"column":0},"end":{"line":26,"column":50}},"7":{"start":{"line":27,"column":0},"end":{"line":27,"column":48}},"8":{"start":{"line":28,"column":0},"end":{"line":28,"column":62}},"9":{"start":{"line":29,"column":0},"end":{"line":29,"column":64}},"10":{"start":{"line":30,"column":0},"end":{"line":30,"column":43}},"11":{"start":{"line":31,"column":0},"end":{"line":31,"column":61}},"12":{"start":{"line":33,"column":0},"end":{"line":33,"column":24}}},"fnMap":{},"branchMap":{},"s":{"0":2,"1":2,"2":2,"3":2,"4":2,"5":2,"6":2,"7":2,"8":2,"9":2,"10":2,"11":2,"12":2},"f":{},"b":{},"_coverageSchema":"1a1c01bbd47fc00a2c39e90264f33305004495a9","hash":"94b8e22d56968bf45da3b18e02e2a90ed2e5569b"}
,"/home/hamzah/401-whiteboard-backend-2/routes/postRoutes.js": {"path":"/home/hamzah/401-whiteboard-backend-2/routes/postRoutes.js","statementMap":{"0":{"start":{"line":2,"column":36},"end":{"line":2,"column":63}},"1":{"start":{"line":51,"column":0},"end":{"line":58,"column":1}}},"fnMap":{},"branchMap":{},"s":{"0":2,"1":2},"f":{},"b":{},"_coverageSchema":"1a1c01bbd47fc00a2c39e90264f33305004495a9","hash":"4c8b6d70193e59647b73f24034c756216719742e"}
,"/home/hamzah/401-whiteboard-backend-2/routes/user.route.js": {"path":"/home/hamzah/401-whiteboard-backend-2/routes/user.route.js","statementMap":{"0":{"start":{"line":3,"column":14},"end":{"line":3,"column":32}},"1":{"start":{"line":4,"column":13},"end":{"line":4,"column":30}},"2":{"start":{"line":5,"column":13},"end":{"line":5,"column":31}},"3":{"start":{"line":7,"column":13},"end":{"line":7,"column":29}},"4":{"start":{"line":9,"column":29},"end":{"line":9,"column":56}},"5":{"start":{"line":10,"column":19},"end":{"line":10,"column":53}},"6":{"start":{"line":15,"column":0},"end":{"line":15,"column":30}},"7":{"start":{"line":16,"column":0},"end":{"line":16,"column":41}},"8":{"start":{"line":17,"column":0},"end":{"line":17,"column":29}},"9":{"start":{"line":18,"column":0},"end":{"line":18,"column":43}},"10":{"start":{"line":77,"column":21},"end":{"line":77,"column":67}},"11":{"start":{"line":78,"column":4},"end":{"line":78,"column":37}},"12":{"start":{"line":81,"column":0},"end":{"line":81,"column":22}}},"fnMap":{"0":{"name":"getUserWithPosts","decl":{"start":{"line":76,"column":15},"end":{"line":76,"column":31}},"loc":{"start":{"line":76,"column":40},"end":{"line":79,"column":1}},"line":76}},"branchMap":{},"s":{"0":2,"1":2,"2":2,"3":2,"4":2,"5":2,"6":2,"7":2,"8":2,"9":2,"10":0,"11":0,"12":2},"f":{"0":0},"b":{},"_coverageSchema":"1a1c01bbd47fc00a2c39e90264f33305004495a9","hash":"1d1ab2564419c934bcecb4e36147534ab5a650a9"}
}
