TN:
SF:server.js
FN:17,(anonymous_0)
FN:23,(anonymous_1)
FN:27,start
FN:28,(anonymous_3)
FNF:4
FNH:2
FNDA:1,(anonymous_0)
FNDA:2,(anonymous_1)
FNDA:0,start
FNDA:0,(anonymous_3)
DA:3,2
DA:4,2
DA:5,2
DA:6,2
DA:7,2
DA:8,2
DA:9,2
DA:10,2
DA:11,2
DA:14,2
DA:15,2
DA:16,2
DA:17,2
DA:18,1
DA:23,2
DA:25,2
DA:28,0
DA:31,2
LF:18
LH:17
BRF:0
BRH:0
end_of_record
TN:
SF:collections/user-comment-routes.js
FN:5,(anonymous_0)
FNF:1
FNH:1
FNDA:4,(anonymous_0)
DA:6,4
DA:63,2
LF:2
LH:2
BRF:0
BRH:0
end_of_record
TN:
SF:error-handlers/400.js
FN:3,(anonymous_0)
FNF:1
FNH:1
FNDA:2,(anonymous_0)
DA:3,2
DA:4,2
DA:5,2
LF:3
LH:3
BRDA:4,0,0,2
BRDA:4,0,1,0
BRF:2
BRH:1
end_of_record
TN:
SF:error-handlers/500.js
FN:5,(anonymous_0)
FNF:1
FNH:1
FNDA:1,(anonymous_0)
DA:3,2
DA:5,2
DA:6,1
DA:8,1
DA:9,1
DA:10,1
DA:14,0
LF:7
LH:6
BRDA:9,0,0,1
BRDA:9,0,1,0
BRF:2
BRH:1
end_of_record
TN:
SF:middlewares/acl.js
FNF:0
FNH:0
DA:61,2
LF:1
LH:1
BRF:0
BRH:0
end_of_record
TN:
SF:middlewares/bearerAuth.js
FNF:0
FNH:0
DA:3,2
LF:1
LH:1
BRF:0
BRH:0
end_of_record
TN:
SF:middlewares/userAuth.js
FNF:0
FNH:0
DA:4,2
DA:28,2
LF:2
LH:2
BRF:0
BRH:0
end_of_record
TN:
SF:modules/comment.model.js
FN:3,(anonymous_0)
FNF:1
FNH:1
FNDA:2,(anonymous_0)
DA:3,2
DA:30,2
LF:2
LH:2
BRF:0
BRH:0
end_of_record
TN:
SF:modules/index.js
FN:36,(anonymous_0)
FN:38,(anonymous_1)
FNF:2
FNH:1
FNDA:2,(anonymous_0)
FNDA:0,(anonymous_1)
DA:4,2
DA:6,2
DA:7,2
DA:8,2
DA:9,2
DA:15,2
DA:17,2
DA:19,2
DA:30,2
DA:31,2
DA:32,2
DA:33,2
DA:36,2
DA:37,2
DA:39,0
DA:43,2
DA:44,2
DA:47,2
DA:48,2
DA:50,2
DA:51,2
DA:55,2
DA:56,2
DA:58,2
LF:24
LH:23
BRF:0
BRH:0
end_of_record
TN:
SF:modules/post.model.js
FN:4,(anonymous_0)
FNF:1
FNH:1
FNDA:2,(anonymous_0)
DA:4,2
DA:20,2
LF:2
LH:2
BRF:0
BRH:0
end_of_record
TN:
SF:modules/user.model.js
FNF:0
FNH:0
DA:2,2
LF:1
LH:1
BRF:0
BRH:0
end_of_record
TN:
SF:routes/comment.route.js
FN:29,getUSer
FN:39,getAllcomment
FN:46,postComment
FN:51,updateComment
FN:57,deleteComment
FNF:5
FNH:4
FNDA:0,getUSer
FNDA:1,getAllcomment
FNDA:1,postComment
FNDA:1,updateComment
FNDA:1,deleteComment
DA:6,2
DA:7,2
DA:9,2
DA:12,2
DA:13,2
DA:14,2
DA:15,2
DA:16,2
DA:17,2
DA:30,0
DA:31,0
DA:32,0
DA:35,0
DA:40,1
DA:43,1
DA:47,1
DA:48,1
DA:49,1
DA:52,1
DA:53,1
DA:54,1
DA:55,1
DA:58,1
DA:59,1
DA:60,1
DA:71,2
LF:26
LH:22
BRF:0
BRH:0
end_of_record
TN:
SF:routes/post.routes.js
FNF:0
FNH:0
DA:3,2
DA:4,2
DA:5,2
DA:6,2
DA:10,2
DA:19,2
DA:26,2
DA:27,2
DA:28,2
DA:29,2
DA:30,2
DA:31,2
DA:33,2
LF:13
LH:13
BRF:0
BRH:0
end_of_record
TN:
SF:routes/postRoutes.js
FNF:0
FNH:0
DA:2,2
DA:51,2
LF:2
LH:2
BRF:0
BRH:0
end_of_record
TN:
SF:routes/user.route.js
FN:76,getUserWithPosts
FNF:1
FNH:0
FNDA:0,getUserWithPosts
DA:3,2
DA:4,2
DA:5,2
DA:7,2
DA:9,2
DA:10,2
DA:15,2
DA:16,2
DA:17,2
DA:18,2
DA:77,0
DA:78,0
DA:81,2
LF:13
LH:11
BRF:0
BRH:0
end_of_record
